<?xml version="1.0" encoding="UTF-8"?>
<!-- Generated by org.testng.reporters.JUnitXMLReporter -->
<testsuite ignored="0" hostname="Prish_HP" failures="0" tests="4" name="Grouping Test" time="20.439" errors="0" timestamp="2023-12-11T20:38:53 GMT">
  <testcase classname="com.nopcommerce.demo.testsuite.LoginPageTest" name="userShouldNavigateToLoginPageSuccessFully" time="1.141"/>
  <testcase classname="com.nopcommerce.demo.testsuite.LoginPageTest" name="verifyThatUserShouldLogInSuccessFullyWithValidCredentials" time="1.184"/>
  <testcase classname="com.nopcommerce.demo.testsuite.LoginPageTest" name="verifyThatUserShouldLogOutSuccessFully" time="1.662"/>
  <testcase classname="com.nopcommerce.demo.testsuite.LoginPageTest" name="verifyTheErrorMessageWithInValidCredentials" time="1.557"/>
</testsuite> <!-- Grouping Test -->
